10:05:46.663 INFO  com.lxjn.hgd.HgdApplication [50] - Starting HgdApplication on longzhuang with PID 6744 (E:\project\hgd\target\classes started by longzhuang in E:\project\hgd)
10:05:46.665 INFO  com.lxjn.hgd.HgdApplication [679] - The following profiles are active: dev
10:05:46.768 INFO  o.s.b.d.e.DevToolsPropertyDefaultsPostProcessor [227] - Devtools property defaults active! Set 'spring.devtools.add-properties' to 'false' to disable
10:05:46.768 INFO  o.s.b.d.e.DevToolsPropertyDefaultsPostProcessor [227] - For additional web related logging consider setting the 'logging.level.web' property to 'DEBUG'
10:05:47.893 WARN  o.m.s.mapper.ClassPathMapperScanner [44] - No MyBatis mapper was found in '[com.lxjn.hgd]' package. Please check your configuration.
10:05:48.527 INFO  o.s.b.w.e.tomcat.TomcatWebServer [90] - Tomcat initialized with port(s): 8080 (http)
10:05:48.541 INFO  o.a.coyote.http11.Http11NioProtocol [173] - Initializing ProtocolHandler ["http-nio-8080"]
10:05:48.560 INFO  o.a.catalina.core.StandardService [173] - Starting service [Tomcat]
10:05:48.560 INFO  o.a.catalina.core.StandardEngine [173] - Starting Servlet engine: [Apache Tomcat/9.0.19]
10:05:48.802 INFO  o.a.c.c.C.[Tomcat].[localhost].[/] [173] - Initializing Spring embedded WebApplicationContext
10:05:48.802 INFO  o.s.web.context.ContextLoader [296] - Root WebApplicationContext: initialization completed in 2034 ms
10:05:48.892 WARN  o.s.b.w.s.c.AnnotationConfigServletWebServerApplicationContext [557] - Exception encountered during context initialization - cancelling refresh attempt: org.springframework.beans.factory.UnsatisfiedDependencyException: Error creating bean with name 'modelApplicationServiceImpl': Unsatisfied dependency expressed through field 'baseMapper'; nested exception is org.springframework.beans.factory.NoSuchBeanDefinitionException: No qualifying bean of type 'com.lxjn.hgd.module.model.mapper.ModelApplicationMapper' available: expected at least 1 bean which qualifies as autowire candidate. Dependency annotations: {@org.springframework.beans.factory.annotation.Autowired(required=true)}
10:05:48.893 INFO  o.a.catalina.core.StandardService [173] - Stopping service [Tomcat]
10:05:48.913 INFO  o.s.b.a.l.ConditionEvaluationReportLoggingListener [142] - 

Error starting ApplicationContext. To display the conditions report re-run your application with 'debug' enabled.
10:05:48.996 ERROR o.s.boot.SpringApplication [858] - Application run failed
org.springframework.beans.factory.UnsatisfiedDependencyException: Error creating bean with name 'modelApplicationServiceImpl': Unsatisfied dependency expressed through field 'baseMapper'; nested exception is org.springframework.beans.factory.NoSuchBeanDefinitionException: No qualifying bean of type 'com.lxjn.hgd.module.model.mapper.ModelApplicationMapper' available: expected at least 1 bean which qualifies as autowire candidate. Dependency annotations: {@org.springframework.beans.factory.annotation.Autowired(required=true)}
	at org.springframework.beans.factory.annotation.AutowiredAnnotationBeanPostProcessor$AutowiredFieldElement.inject(AutowiredAnnotationBeanPostProcessor.java:596)
	at org.springframework.beans.factory.annotation.InjectionMetadata.inject(InjectionMetadata.java:90)
	at org.springframework.beans.factory.annotation.AutowiredAnnotationBeanPostProcessor.postProcessProperties(AutowiredAnnotationBeanPostProcessor.java:374)
	at org.springframework.beans.factory.support.AbstractAutowireCapableBeanFactory.populateBean(AbstractAutowireCapableBeanFactory.java:1411)
	at org.springframework.beans.factory.support.AbstractAutowireCapableBeanFactory.doCreateBean(AbstractAutowireCapableBeanFactory.java:592)
	at org.springframework.beans.factory.support.AbstractAutowireCapableBeanFactory.createBean(AbstractAutowireCapableBeanFactory.java:515)
	at org.springframework.beans.factory.support.AbstractBeanFactory.lambda$doGetBean$0(AbstractBeanFactory.java:320)
	at org.springframework.beans.factory.support.DefaultSingletonBeanRegistry.getSingleton(DefaultSingletonBeanRegistry.java:222)
	at org.springframework.beans.factory.support.AbstractBeanFactory.doGetBean(AbstractBeanFactory.java:318)
	at org.springframework.beans.factory.support.AbstractBeanFactory.getBean(AbstractBeanFactory.java:199)
	at org.springframework.beans.factory.support.DefaultListableBeanFactory.preInstantiateSingletons(DefaultListableBeanFactory.java:843)
	at org.springframework.context.support.AbstractApplicationContext.finishBeanFactoryInitialization(AbstractApplicationContext.java:877)
	at org.springframework.context.support.AbstractApplicationContext.refresh(AbstractApplicationContext.java:549)
	at org.springframework.boot.web.servlet.context.ServletWebServerApplicationContext.refresh(ServletWebServerApplicationContext.java:142)
	at org.springframework.boot.SpringApplication.refresh(SpringApplication.java:775)
	at org.springframework.boot.SpringApplication.refreshContext(SpringApplication.java:397)
	at org.springframework.boot.SpringApplication.run(SpringApplication.java:316)
	at org.springframework.boot.SpringApplication.run(SpringApplication.java:1260)
	at org.springframework.boot.SpringApplication.run(SpringApplication.java:1248)
	at com.lxjn.hgd.HgdApplication.main(HgdApplication.java:9)
	at java.base/jdk.internal.reflect.NativeMethodAccessorImpl.invoke0(Native Method)
	at java.base/jdk.internal.reflect.NativeMethodAccessorImpl.invoke(NativeMethodAccessorImpl.java:62)
	at java.base/jdk.internal.reflect.DelegatingMethodAccessorImpl.invoke(DelegatingMethodAccessorImpl.java:43)
	at java.base/java.lang.reflect.Method.invoke(Method.java:566)
	at org.springframework.boot.devtools.restart.RestartLauncher.run(RestartLauncher.java:49)
Caused by: org.springframework.beans.factory.NoSuchBeanDefinitionException: No qualifying bean of type 'com.lxjn.hgd.module.model.mapper.ModelApplicationMapper' available: expected at least 1 bean which qualifies as autowire candidate. Dependency annotations: {@org.springframework.beans.factory.annotation.Autowired(required=true)}
	at org.springframework.beans.factory.support.DefaultListableBeanFactory.raiseNoMatchingBeanFound(DefaultListableBeanFactory.java:1655)
	at org.springframework.beans.factory.support.DefaultListableBeanFactory.doResolveDependency(DefaultListableBeanFactory.java:1214)
	at org.springframework.beans.factory.support.DefaultListableBeanFactory.resolveDependency(DefaultListableBeanFactory.java:1168)
	at org.springframework.beans.factory.annotation.AutowiredAnnotationBeanPostProcessor$AutowiredFieldElement.inject(AutowiredAnnotationBeanPostProcessor.java:593)
	... 24 common frames omitted
10:09:21.392 INFO  com.lxjn.hgd.HgdApplication [50] - Starting HgdApplication on longzhuang with PID 7276 (E:\project\hgd\target\classes started by longzhuang in E:\project\hgd)
10:09:21.395 INFO  com.lxjn.hgd.HgdApplication [679] - The following profiles are active: dev
10:09:21.424 INFO  o.s.b.d.e.DevToolsPropertyDefaultsPostProcessor [227] - Devtools property defaults active! Set 'spring.devtools.add-properties' to 'false' to disable
10:09:21.424 INFO  o.s.b.d.e.DevToolsPropertyDefaultsPostProcessor [227] - For additional web related logging consider setting the 'logging.level.web' property to 'DEBUG'
10:09:21.993 WARN  o.m.s.mapper.ClassPathMapperScanner [44] - No MyBatis mapper was found in '[com.lxjn.hgd]' package. Please check your configuration.
10:09:22.374 INFO  o.s.b.w.e.tomcat.TomcatWebServer [90] - Tomcat initialized with port(s): 8080 (http)
10:09:22.386 INFO  o.a.coyote.http11.Http11NioProtocol [173] - Initializing ProtocolHandler ["http-nio-8080"]
10:09:22.394 INFO  o.a.catalina.core.StandardService [173] - Starting service [Tomcat]
10:09:22.394 INFO  o.a.catalina.core.StandardEngine [173] - Starting Servlet engine: [Apache Tomcat/9.0.19]
10:09:22.463 INFO  o.a.c.c.C.[Tomcat].[localhost].[/] [173] - Initializing Spring embedded WebApplicationContext
10:09:22.463 INFO  o.s.web.context.ContextLoader [296] - Root WebApplicationContext: initialization completed in 1039 ms
10:09:22.526 WARN  o.s.b.w.s.c.AnnotationConfigServletWebServerApplicationContext [557] - Exception encountered during context initialization - cancelling refresh attempt: org.springframework.beans.factory.UnsatisfiedDependencyException: Error creating bean with name 'modelApplicationServiceImpl': Unsatisfied dependency expressed through field 'baseMapper'; nested exception is org.springframework.beans.factory.NoSuchBeanDefinitionException: No qualifying bean of type 'com.lxjn.hgd.module.model.mapper.ModelApplicationMapper' available: expected at least 1 bean which qualifies as autowire candidate. Dependency annotations: {@org.springframework.beans.factory.annotation.Autowired(required=true)}
10:09:22.528 INFO  o.a.catalina.core.StandardService [173] - Stopping service [Tomcat]
10:09:22.541 INFO  o.s.b.a.l.ConditionEvaluationReportLoggingListener [142] - 

Error starting ApplicationContext. To display the conditions report re-run your application with 'debug' enabled.
10:09:22.656 ERROR o.s.boot.SpringApplication [858] - Application run failed
org.springframework.beans.factory.UnsatisfiedDependencyException: Error creating bean with name 'modelApplicationServiceImpl': Unsatisfied dependency expressed through field 'baseMapper'; nested exception is org.springframework.beans.factory.NoSuchBeanDefinitionException: No qualifying bean of type 'com.lxjn.hgd.module.model.mapper.ModelApplicationMapper' available: expected at least 1 bean which qualifies as autowire candidate. Dependency annotations: {@org.springframework.beans.factory.annotation.Autowired(required=true)}
	at org.springframework.beans.factory.annotation.AutowiredAnnotationBeanPostProcessor$AutowiredFieldElement.inject(AutowiredAnnotationBeanPostProcessor.java:596)
	at org.springframework.beans.factory.annotation.InjectionMetadata.inject(InjectionMetadata.java:90)
	at org.springframework.beans.factory.annotation.AutowiredAnnotationBeanPostProcessor.postProcessProperties(AutowiredAnnotationBeanPostProcessor.java:374)
	at org.springframework.beans.factory.support.AbstractAutowireCapableBeanFactory.populateBean(AbstractAutowireCapableBeanFactory.java:1411)
	at org.springframework.beans.factory.support.AbstractAutowireCapableBeanFactory.doCreateBean(AbstractAutowireCapableBeanFactory.java:592)
	at org.springframework.beans.factory.support.AbstractAutowireCapableBeanFactory.createBean(AbstractAutowireCapableBeanFactory.java:515)
	at org.springframework.beans.factory.support.AbstractBeanFactory.lambda$doGetBean$0(AbstractBeanFactory.java:320)
	at org.springframework.beans.factory.support.DefaultSingletonBeanRegistry.getSingleton(DefaultSingletonBeanRegistry.java:222)
	at org.springframework.beans.factory.support.AbstractBeanFactory.doGetBean(AbstractBeanFactory.java:318)
	at org.springframework.beans.factory.support.AbstractBeanFactory.getBean(AbstractBeanFactory.java:199)
	at org.springframework.beans.factory.support.DefaultListableBeanFactory.preInstantiateSingletons(DefaultListableBeanFactory.java:843)
	at org.springframework.context.support.AbstractApplicationContext.finishBeanFactoryInitialization(AbstractApplicationContext.java:877)
	at org.springframework.context.support.AbstractApplicationContext.refresh(AbstractApplicationContext.java:549)
	at org.springframework.boot.web.servlet.context.ServletWebServerApplicationContext.refresh(ServletWebServerApplicationContext.java:142)
	at org.springframework.boot.SpringApplication.refresh(SpringApplication.java:775)
	at org.springframework.boot.SpringApplication.refreshContext(SpringApplication.java:397)
	at org.springframework.boot.SpringApplication.run(SpringApplication.java:316)
	at org.springframework.boot.SpringApplication.run(SpringApplication.java:1260)
	at org.springframework.boot.SpringApplication.run(SpringApplication.java:1248)
	at com.lxjn.hgd.HgdApplication.main(HgdApplication.java:9)
	at java.base/jdk.internal.reflect.NativeMethodAccessorImpl.invoke0(Native Method)
	at java.base/jdk.internal.reflect.NativeMethodAccessorImpl.invoke(NativeMethodAccessorImpl.java:62)
	at java.base/jdk.internal.reflect.DelegatingMethodAccessorImpl.invoke(DelegatingMethodAccessorImpl.java:43)
	at java.base/java.lang.reflect.Method.invoke(Method.java:566)
	at org.springframework.boot.devtools.restart.RestartLauncher.run(RestartLauncher.java:49)
Caused by: org.springframework.beans.factory.NoSuchBeanDefinitionException: No qualifying bean of type 'com.lxjn.hgd.module.model.mapper.ModelApplicationMapper' available: expected at least 1 bean which qualifies as autowire candidate. Dependency annotations: {@org.springframework.beans.factory.annotation.Autowired(required=true)}
	at org.springframework.beans.factory.support.DefaultListableBeanFactory.raiseNoMatchingBeanFound(DefaultListableBeanFactory.java:1655)
	at org.springframework.beans.factory.support.DefaultListableBeanFactory.doResolveDependency(DefaultListableBeanFactory.java:1214)
	at org.springframework.beans.factory.support.DefaultListableBeanFactory.resolveDependency(DefaultListableBeanFactory.java:1168)
	at org.springframework.beans.factory.annotation.AutowiredAnnotationBeanPostProcessor$AutowiredFieldElement.inject(AutowiredAnnotationBeanPostProcessor.java:593)
	... 24 common frames omitted
10:10:42.887 INFO  com.lxjn.hgd.HgdApplication [50] - Starting HgdApplication on longzhuang with PID 2736 (E:\project\hgd\target\classes started by longzhuang in E:\project\hgd)
10:10:42.888 INFO  com.lxjn.hgd.HgdApplication [679] - The following profiles are active: dev
10:10:42.919 INFO  o.s.b.d.e.DevToolsPropertyDefaultsPostProcessor [227] - Devtools property defaults active! Set 'spring.devtools.add-properties' to 'false' to disable
10:10:42.919 INFO  o.s.b.d.e.DevToolsPropertyDefaultsPostProcessor [227] - For additional web related logging consider setting the 'logging.level.web' property to 'DEBUG'
10:10:43.927 INFO  o.s.b.w.e.tomcat.TomcatWebServer [90] - Tomcat initialized with port(s): 8080 (http)
10:10:43.938 INFO  o.a.coyote.http11.Http11NioProtocol [173] - Initializing ProtocolHandler ["http-nio-8080"]
10:10:43.946 INFO  o.a.catalina.core.StandardService [173] - Starting service [Tomcat]
10:10:43.946 INFO  o.a.catalina.core.StandardEngine [173] - Starting Servlet engine: [Apache Tomcat/9.0.19]
10:10:44.014 INFO  o.a.c.c.C.[Tomcat].[localhost].[/] [173] - Initializing Spring embedded WebApplicationContext
10:10:44.014 INFO  o.s.web.context.ContextLoader [296] - Root WebApplicationContext: initialization completed in 1095 ms
10:10:44.970 WARN  o.s.b.w.s.c.AnnotationConfigServletWebServerApplicationContext [557] - Exception encountered during context initialization - cancelling refresh attempt: org.springframework.beans.factory.UnsatisfiedDependencyException: Error creating bean with name 'modelFieldServiceImpl': Unsatisfied dependency expressed through field 'baseMapper'; nested exception is org.springframework.beans.factory.NoSuchBeanDefinitionException: No qualifying bean of type 'com.lxjn.hgd.module.model.mapper.ModelFieldMapper' available: expected at least 1 bean which qualifies as autowire candidate. Dependency annotations: {@org.springframework.beans.factory.annotation.Autowired(required=true)}
10:10:44.976 INFO  o.a.catalina.core.StandardService [173] - Stopping service [Tomcat]
10:10:44.986 INFO  o.s.b.a.l.ConditionEvaluationReportLoggingListener [142] - 

Error starting ApplicationContext. To display the conditions report re-run your application with 'debug' enabled.
10:10:45.099 ERROR o.s.boot.SpringApplication [858] - Application run failed
org.springframework.beans.factory.UnsatisfiedDependencyException: Error creating bean with name 'modelFieldServiceImpl': Unsatisfied dependency expressed through field 'baseMapper'; nested exception is org.springframework.beans.factory.NoSuchBeanDefinitionException: No qualifying bean of type 'com.lxjn.hgd.module.model.mapper.ModelFieldMapper' available: expected at least 1 bean which qualifies as autowire candidate. Dependency annotations: {@org.springframework.beans.factory.annotation.Autowired(required=true)}
	at org.springframework.beans.factory.annotation.AutowiredAnnotationBeanPostProcessor$AutowiredFieldElement.inject(AutowiredAnnotationBeanPostProcessor.java:596)
	at org.springframework.beans.factory.annotation.InjectionMetadata.inject(InjectionMetadata.java:90)
	at org.springframework.beans.factory.annotation.AutowiredAnnotationBeanPostProcessor.postProcessProperties(AutowiredAnnotationBeanPostProcessor.java:374)
	at org.springframework.beans.factory.support.AbstractAutowireCapableBeanFactory.populateBean(AbstractAutowireCapableBeanFactory.java:1411)
	at org.springframework.beans.factory.support.AbstractAutowireCapableBeanFactory.doCreateBean(AbstractAutowireCapableBeanFactory.java:592)
	at org.springframework.beans.factory.support.AbstractAutowireCapableBeanFactory.createBean(AbstractAutowireCapableBeanFactory.java:515)
	at org.springframework.beans.factory.support.AbstractBeanFactory.lambda$doGetBean$0(AbstractBeanFactory.java:320)
	at org.springframework.beans.factory.support.DefaultSingletonBeanRegistry.getSingleton(DefaultSingletonBeanRegistry.java:222)
	at org.springframework.beans.factory.support.AbstractBeanFactory.doGetBean(AbstractBeanFactory.java:318)
	at org.springframework.beans.factory.support.AbstractBeanFactory.getBean(AbstractBeanFactory.java:199)
	at org.springframework.beans.factory.support.DefaultListableBeanFactory.preInstantiateSingletons(DefaultListableBeanFactory.java:843)
	at org.springframework.context.support.AbstractApplicationContext.finishBeanFactoryInitialization(AbstractApplicationContext.java:877)
	at org.springframework.context.support.AbstractApplicationContext.refresh(AbstractApplicationContext.java:549)
	at org.springframework.boot.web.servlet.context.ServletWebServerApplicationContext.refresh(ServletWebServerApplicationContext.java:142)
	at org.springframework.boot.SpringApplication.refresh(SpringApplication.java:775)
	at org.springframework.boot.SpringApplication.refreshContext(SpringApplication.java:397)
	at org.springframework.boot.SpringApplication.run(SpringApplication.java:316)
	at org.springframework.boot.SpringApplication.run(SpringApplication.java:1260)
	at org.springframework.boot.SpringApplication.run(SpringApplication.java:1248)
	at com.lxjn.hgd.HgdApplication.main(HgdApplication.java:9)
	at java.base/jdk.internal.reflect.NativeMethodAccessorImpl.invoke0(Native Method)
	at java.base/jdk.internal.reflect.NativeMethodAccessorImpl.invoke(NativeMethodAccessorImpl.java:62)
	at java.base/jdk.internal.reflect.DelegatingMethodAccessorImpl.invoke(DelegatingMethodAccessorImpl.java:43)
	at java.base/java.lang.reflect.Method.invoke(Method.java:566)
	at org.springframework.boot.devtools.restart.RestartLauncher.run(RestartLauncher.java:49)
Caused by: org.springframework.beans.factory.NoSuchBeanDefinitionException: No qualifying bean of type 'com.lxjn.hgd.module.model.mapper.ModelFieldMapper' available: expected at least 1 bean which qualifies as autowire candidate. Dependency annotations: {@org.springframework.beans.factory.annotation.Autowired(required=true)}
	at org.springframework.beans.factory.support.DefaultListableBeanFactory.raiseNoMatchingBeanFound(DefaultListableBeanFactory.java:1655)
	at org.springframework.beans.factory.support.DefaultListableBeanFactory.doResolveDependency(DefaultListableBeanFactory.java:1214)
	at org.springframework.beans.factory.support.DefaultListableBeanFactory.resolveDependency(DefaultListableBeanFactory.java:1168)
	at org.springframework.beans.factory.annotation.AutowiredAnnotationBeanPostProcessor$AutowiredFieldElement.inject(AutowiredAnnotationBeanPostProcessor.java:593)
	... 24 common frames omitted
10:20:11.235 INFO  com.lxjn.hgd.HgdApplication [50] - Starting HgdApplication on longzhuang with PID 11160 (E:\project\hgd\target\classes started by longzhuang in E:\project\hgd)
10:20:11.239 INFO  com.lxjn.hgd.HgdApplication [679] - The following profiles are active: dev
10:20:11.282 INFO  o.s.b.d.e.DevToolsPropertyDefaultsPostProcessor [227] - Devtools property defaults active! Set 'spring.devtools.add-properties' to 'false' to disable
10:20:11.282 INFO  o.s.b.d.e.DevToolsPropertyDefaultsPostProcessor [227] - For additional web related logging consider setting the 'logging.level.web' property to 'DEBUG'
10:20:11.883 WARN  o.m.s.mapper.ClassPathMapperScanner [44] - No MyBatis mapper was found in '[com.lxjn.hgd]' package. Please check your configuration.
10:20:12.234 INFO  o.s.b.w.e.tomcat.TomcatWebServer [90] - Tomcat initialized with port(s): 8080 (http)
10:20:12.255 INFO  o.a.coyote.http11.Http11NioProtocol [173] - Initializing ProtocolHandler ["http-nio-8080"]
10:20:12.263 INFO  o.a.catalina.core.StandardService [173] - Starting service [Tomcat]
10:20:12.263 INFO  o.a.catalina.core.StandardEngine [173] - Starting Servlet engine: [Apache Tomcat/9.0.19]
10:20:12.341 INFO  o.a.c.c.C.[Tomcat].[localhost].[/] [173] - Initializing Spring embedded WebApplicationContext
10:20:12.341 INFO  o.s.web.context.ContextLoader [296] - Root WebApplicationContext: initialization completed in 1059 ms
10:20:12.392 WARN  o.s.b.w.s.c.AnnotationConfigServletWebServerApplicationContext [557] - Exception encountered during context initialization - cancelling refresh attempt: org.springframework.beans.factory.UnsatisfiedDependencyException: Error creating bean with name 'modelApplicationServiceImpl': Unsatisfied dependency expressed through field 'baseMapper'; nested exception is org.springframework.beans.factory.NoSuchBeanDefinitionException: No qualifying bean of type 'com.lxjn.hgd.module.model.mapper.ModelApplicationMapper' available: expected at least 1 bean which qualifies as autowire candidate. Dependency annotations: {@org.springframework.beans.factory.annotation.Autowired(required=true)}
10:20:12.394 INFO  o.a.catalina.core.StandardService [173] - Stopping service [Tomcat]
10:20:12.407 INFO  o.s.b.a.l.ConditionEvaluationReportLoggingListener [142] - 

Error starting ApplicationContext. To display the conditions report re-run your application with 'debug' enabled.
10:20:12.504 ERROR o.s.boot.SpringApplication [858] - Application run failed
org.springframework.beans.factory.UnsatisfiedDependencyException: Error creating bean with name 'modelApplicationServiceImpl': Unsatisfied dependency expressed through field 'baseMapper'; nested exception is org.springframework.beans.factory.NoSuchBeanDefinitionException: No qualifying bean of type 'com.lxjn.hgd.module.model.mapper.ModelApplicationMapper' available: expected at least 1 bean which qualifies as autowire candidate. Dependency annotations: {@org.springframework.beans.factory.annotation.Autowired(required=true)}
	at org.springframework.beans.factory.annotation.AutowiredAnnotationBeanPostProcessor$AutowiredFieldElement.inject(AutowiredAnnotationBeanPostProcessor.java:596)
	at org.springframework.beans.factory.annotation.InjectionMetadata.inject(InjectionMetadata.java:90)
	at org.springframework.beans.factory.annotation.AutowiredAnnotationBeanPostProcessor.postProcessProperties(AutowiredAnnotationBeanPostProcessor.java:374)
	at org.springframework.beans.factory.support.AbstractAutowireCapableBeanFactory.populateBean(AbstractAutowireCapableBeanFactory.java:1411)
	at org.springframework.beans.factory.support.AbstractAutowireCapableBeanFactory.doCreateBean(AbstractAutowireCapableBeanFactory.java:592)
	at org.springframework.beans.factory.support.AbstractAutowireCapableBeanFactory.createBean(AbstractAutowireCapableBeanFactory.java:515)
	at org.springframework.beans.factory.support.AbstractBeanFactory.lambda$doGetBean$0(AbstractBeanFactory.java:320)
	at org.springframework.beans.factory.support.DefaultSingletonBeanRegistry.getSingleton(DefaultSingletonBeanRegistry.java:222)
	at org.springframework.beans.factory.support.AbstractBeanFactory.doGetBean(AbstractBeanFactory.java:318)
	at org.springframework.beans.factory.support.AbstractBeanFactory.getBean(AbstractBeanFactory.java:199)
	at org.springframework.beans.factory.support.DefaultListableBeanFactory.preInstantiateSingletons(DefaultListableBeanFactory.java:843)
	at org.springframework.context.support.AbstractApplicationContext.finishBeanFactoryInitialization(AbstractApplicationContext.java:877)
	at org.springframework.context.support.AbstractApplicationContext.refresh(AbstractApplicationContext.java:549)
	at org.springframework.boot.web.servlet.context.ServletWebServerApplicationContext.refresh(ServletWebServerApplicationContext.java:142)
	at org.springframework.boot.SpringApplication.refresh(SpringApplication.java:775)
	at org.springframework.boot.SpringApplication.refreshContext(SpringApplication.java:397)
	at org.springframework.boot.SpringApplication.run(SpringApplication.java:316)
	at org.springframework.boot.SpringApplication.run(SpringApplication.java:1260)
	at org.springframework.boot.SpringApplication.run(SpringApplication.java:1248)
	at com.lxjn.hgd.HgdApplication.main(HgdApplication.java:9)
	at java.base/jdk.internal.reflect.NativeMethodAccessorImpl.invoke0(Native Method)
	at java.base/jdk.internal.reflect.NativeMethodAccessorImpl.invoke(NativeMethodAccessorImpl.java:62)
	at java.base/jdk.internal.reflect.DelegatingMethodAccessorImpl.invoke(DelegatingMethodAccessorImpl.java:43)
	at java.base/java.lang.reflect.Method.invoke(Method.java:566)
	at org.springframework.boot.devtools.restart.RestartLauncher.run(RestartLauncher.java:49)
Caused by: org.springframework.beans.factory.NoSuchBeanDefinitionException: No qualifying bean of type 'com.lxjn.hgd.module.model.mapper.ModelApplicationMapper' available: expected at least 1 bean which qualifies as autowire candidate. Dependency annotations: {@org.springframework.beans.factory.annotation.Autowired(required=true)}
	at org.springframework.beans.factory.support.DefaultListableBeanFactory.raiseNoMatchingBeanFound(DefaultListableBeanFactory.java:1655)
	at org.springframework.beans.factory.support.DefaultListableBeanFactory.doResolveDependency(DefaultListableBeanFactory.java:1214)
	at org.springframework.beans.factory.support.DefaultListableBeanFactory.resolveDependency(DefaultListableBeanFactory.java:1168)
	at org.springframework.beans.factory.annotation.AutowiredAnnotationBeanPostProcessor$AutowiredFieldElement.inject(AutowiredAnnotationBeanPostProcessor.java:593)
	... 24 common frames omitted
10:55:07.260 INFO  com.lxjn.hgd.HgdApplication [50] - Starting HgdApplication on longzhuang with PID 5756 (E:\project\hgd\target\classes started by longzhuang in E:\project\hgd)
10:55:07.262 INFO  com.lxjn.hgd.HgdApplication [679] - The following profiles are active: dev
10:55:07.297 INFO  o.s.b.d.e.DevToolsPropertyDefaultsPostProcessor [227] - Devtools property defaults active! Set 'spring.devtools.add-properties' to 'false' to disable
10:55:07.298 INFO  o.s.b.d.e.DevToolsPropertyDefaultsPostProcessor [227] - For additional web related logging consider setting the 'logging.level.web' property to 'DEBUG'
10:55:07.902 WARN  o.m.s.mapper.ClassPathMapperScanner [44] - No MyBatis mapper was found in '[com.lxjn.hgd]' package. Please check your configuration.
10:55:08.294 INFO  o.s.b.w.e.tomcat.TomcatWebServer [90] - Tomcat initialized with port(s): 8080 (http)
10:55:08.306 INFO  o.a.coyote.http11.Http11NioProtocol [173] - Initializing ProtocolHandler ["http-nio-8080"]
10:55:08.314 INFO  o.a.catalina.core.StandardService [173] - Starting service [Tomcat]
10:55:08.314 INFO  o.a.catalina.core.StandardEngine [173] - Starting Servlet engine: [Apache Tomcat/9.0.19]
10:55:08.388 INFO  o.a.c.c.C.[Tomcat].[localhost].[/] [173] - Initializing Spring embedded WebApplicationContext
10:55:08.389 INFO  o.s.web.context.ContextLoader [296] - Root WebApplicationContext: initialization completed in 1091 ms
10:55:08.440 WARN  o.s.b.w.s.c.AnnotationConfigServletWebServerApplicationContext [557] - Exception encountered during context initialization - cancelling refresh attempt: org.springframework.beans.factory.UnsatisfiedDependencyException: Error creating bean with name 'modelApplicationServiceImpl': Unsatisfied dependency expressed through field 'baseMapper'; nested exception is org.springframework.beans.factory.NoSuchBeanDefinitionException: No qualifying bean of type 'com.lxjn.hgd.module.model.mapper.ModelApplicationMapper' available: expected at least 1 bean which qualifies as autowire candidate. Dependency annotations: {@org.springframework.beans.factory.annotation.Autowired(required=true)}
10:55:08.442 INFO  o.a.catalina.core.StandardService [173] - Stopping service [Tomcat]
10:55:08.455 INFO  o.s.b.a.l.ConditionEvaluationReportLoggingListener [142] - 

Error starting ApplicationContext. To display the conditions report re-run your application with 'debug' enabled.
10:55:08.578 ERROR o.s.boot.SpringApplication [858] - Application run failed
org.springframework.beans.factory.UnsatisfiedDependencyException: Error creating bean with name 'modelApplicationServiceImpl': Unsatisfied dependency expressed through field 'baseMapper'; nested exception is org.springframework.beans.factory.NoSuchBeanDefinitionException: No qualifying bean of type 'com.lxjn.hgd.module.model.mapper.ModelApplicationMapper' available: expected at least 1 bean which qualifies as autowire candidate. Dependency annotations: {@org.springframework.beans.factory.annotation.Autowired(required=true)}
	at org.springframework.beans.factory.annotation.AutowiredAnnotationBeanPostProcessor$AutowiredFieldElement.inject(AutowiredAnnotationBeanPostProcessor.java:596)
	at org.springframework.beans.factory.annotation.InjectionMetadata.inject(InjectionMetadata.java:90)
	at org.springframework.beans.factory.annotation.AutowiredAnnotationBeanPostProcessor.postProcessProperties(AutowiredAnnotationBeanPostProcessor.java:374)
	at org.springframework.beans.factory.support.AbstractAutowireCapableBeanFactory.populateBean(AbstractAutowireCapableBeanFactory.java:1411)
	at org.springframework.beans.factory.support.AbstractAutowireCapableBeanFactory.doCreateBean(AbstractAutowireCapableBeanFactory.java:592)
	at org.springframework.beans.factory.support.AbstractAutowireCapableBeanFactory.createBean(AbstractAutowireCapableBeanFactory.java:515)
	at org.springframework.beans.factory.support.AbstractBeanFactory.lambda$doGetBean$0(AbstractBeanFactory.java:320)
	at org.springframework.beans.factory.support.DefaultSingletonBeanRegistry.getSingleton(DefaultSingletonBeanRegistry.java:222)
	at org.springframework.beans.factory.support.AbstractBeanFactory.doGetBean(AbstractBeanFactory.java:318)
	at org.springframework.beans.factory.support.AbstractBeanFactory.getBean(AbstractBeanFactory.java:199)
	at org.springframework.beans.factory.support.DefaultListableBeanFactory.preInstantiateSingletons(DefaultListableBeanFactory.java:843)
	at org.springframework.context.support.AbstractApplicationContext.finishBeanFactoryInitialization(AbstractApplicationContext.java:877)
	at org.springframework.context.support.AbstractApplicationContext.refresh(AbstractApplicationContext.java:549)
	at org.springframework.boot.web.servlet.context.ServletWebServerApplicationContext.refresh(ServletWebServerApplicationContext.java:142)
	at org.springframework.boot.SpringApplication.refresh(SpringApplication.java:775)
	at org.springframework.boot.SpringApplication.refreshContext(SpringApplication.java:397)
	at org.springframework.boot.SpringApplication.run(SpringApplication.java:316)
	at org.springframework.boot.SpringApplication.run(SpringApplication.java:1260)
	at org.springframework.boot.SpringApplication.run(SpringApplication.java:1248)
	at com.lxjn.hgd.HgdApplication.main(HgdApplication.java:9)
	at java.base/jdk.internal.reflect.NativeMethodAccessorImpl.invoke0(Native Method)
	at java.base/jdk.internal.reflect.NativeMethodAccessorImpl.invoke(NativeMethodAccessorImpl.java:62)
	at java.base/jdk.internal.reflect.DelegatingMethodAccessorImpl.invoke(DelegatingMethodAccessorImpl.java:43)
	at java.base/java.lang.reflect.Method.invoke(Method.java:566)
	at org.springframework.boot.devtools.restart.RestartLauncher.run(RestartLauncher.java:49)
Caused by: org.springframework.beans.factory.NoSuchBeanDefinitionException: No qualifying bean of type 'com.lxjn.hgd.module.model.mapper.ModelApplicationMapper' available: expected at least 1 bean which qualifies as autowire candidate. Dependency annotations: {@org.springframework.beans.factory.annotation.Autowired(required=true)}
	at org.springframework.beans.factory.support.DefaultListableBeanFactory.raiseNoMatchingBeanFound(DefaultListableBeanFactory.java:1655)
	at org.springframework.beans.factory.support.DefaultListableBeanFactory.doResolveDependency(DefaultListableBeanFactory.java:1214)
	at org.springframework.beans.factory.support.DefaultListableBeanFactory.resolveDependency(DefaultListableBeanFactory.java:1168)
	at org.springframework.beans.factory.annotation.AutowiredAnnotationBeanPostProcessor$AutowiredFieldElement.inject(AutowiredAnnotationBeanPostProcessor.java:593)
	... 24 common frames omitted
15:40:16.802 INFO  com.lxjn.hgd.HgdApplication [50] - Starting HgdApplication on longzhuang with PID 13680 (E:\project\hgd\target\classes started by longzhuang in E:\project\hgd)
15:40:16.804 INFO  com.lxjn.hgd.HgdApplication [679] - The following profiles are active: dev
15:40:16.837 INFO  o.s.b.d.e.DevToolsPropertyDefaultsPostProcessor [227] - Devtools property defaults active! Set 'spring.devtools.add-properties' to 'false' to disable
15:40:16.838 INFO  o.s.b.d.e.DevToolsPropertyDefaultsPostProcessor [227] - For additional web related logging consider setting the 'logging.level.web' property to 'DEBUG'
15:40:17.439 WARN  o.m.s.mapper.ClassPathMapperScanner [44] - No MyBatis mapper was found in '[com.lxjn.hgd]' package. Please check your configuration.
15:40:17.826 INFO  o.s.b.w.e.tomcat.TomcatWebServer [90] - Tomcat initialized with port(s): 8080 (http)
15:40:17.838 INFO  o.a.coyote.http11.Http11NioProtocol [173] - Initializing ProtocolHandler ["http-nio-8080"]
15:40:17.847 INFO  o.a.catalina.core.StandardService [173] - Starting service [Tomcat]
15:40:17.847 INFO  o.a.catalina.core.StandardEngine [173] - Starting Servlet engine: [Apache Tomcat/9.0.19]
15:40:17.938 INFO  o.a.c.c.C.[Tomcat].[localhost].[/] [173] - Initializing Spring embedded WebApplicationContext
15:40:17.938 INFO  o.s.web.context.ContextLoader [296] - Root WebApplicationContext: initialization completed in 1100 ms
15:40:17.999 WARN  o.s.b.w.s.c.AnnotationConfigServletWebServerApplicationContext [557] - Exception encountered during context initialization - cancelling refresh attempt: org.springframework.beans.factory.UnsatisfiedDependencyException: Error creating bean with name 'modelApplicationServiceImpl': Unsatisfied dependency expressed through field 'baseMapper'; nested exception is org.springframework.beans.factory.NoSuchBeanDefinitionException: No qualifying bean of type 'com.lxjn.hgd.module.model.mapper.ModelApplicationMapper' available: expected at least 1 bean which qualifies as autowire candidate. Dependency annotations: {@org.springframework.beans.factory.annotation.Autowired(required=true)}
15:40:18.001 INFO  o.a.catalina.core.StandardService [173] - Stopping service [Tomcat]
15:40:18.019 INFO  o.s.b.a.l.ConditionEvaluationReportLoggingListener [142] - 

Error starting ApplicationContext. To display the conditions report re-run your application with 'debug' enabled.
15:40:18.151 ERROR o.s.boot.SpringApplication [858] - Application run failed
org.springframework.beans.factory.UnsatisfiedDependencyException: Error creating bean with name 'modelApplicationServiceImpl': Unsatisfied dependency expressed through field 'baseMapper'; nested exception is org.springframework.beans.factory.NoSuchBeanDefinitionException: No qualifying bean of type 'com.lxjn.hgd.module.model.mapper.ModelApplicationMapper' available: expected at least 1 bean which qualifies as autowire candidate. Dependency annotations: {@org.springframework.beans.factory.annotation.Autowired(required=true)}
	at org.springframework.beans.factory.annotation.AutowiredAnnotationBeanPostProcessor$AutowiredFieldElement.inject(AutowiredAnnotationBeanPostProcessor.java:596)
	at org.springframework.beans.factory.annotation.InjectionMetadata.inject(InjectionMetadata.java:90)
	at org.springframework.beans.factory.annotation.AutowiredAnnotationBeanPostProcessor.postProcessProperties(AutowiredAnnotationBeanPostProcessor.java:374)
	at org.springframework.beans.factory.support.AbstractAutowireCapableBeanFactory.populateBean(AbstractAutowireCapableBeanFactory.java:1411)
	at org.springframework.beans.factory.support.AbstractAutowireCapableBeanFactory.doCreateBean(AbstractAutowireCapableBeanFactory.java:592)
	at org.springframework.beans.factory.support.AbstractAutowireCapableBeanFactory.createBean(AbstractAutowireCapableBeanFactory.java:515)
	at org.springframework.beans.factory.support.AbstractBeanFactory.lambda$doGetBean$0(AbstractBeanFactory.java:320)
	at org.springframework.beans.factory.support.DefaultSingletonBeanRegistry.getSingleton(DefaultSingletonBeanRegistry.java:222)
	at org.springframework.beans.factory.support.AbstractBeanFactory.doGetBean(AbstractBeanFactory.java:318)
	at org.springframework.beans.factory.support.AbstractBeanFactory.getBean(AbstractBeanFactory.java:199)
	at org.springframework.beans.factory.support.DefaultListableBeanFactory.preInstantiateSingletons(DefaultListableBeanFactory.java:843)
	at org.springframework.context.support.AbstractApplicationContext.finishBeanFactoryInitialization(AbstractApplicationContext.java:877)
	at org.springframework.context.support.AbstractApplicationContext.refresh(AbstractApplicationContext.java:549)
	at org.springframework.boot.web.servlet.context.ServletWebServerApplicationContext.refresh(ServletWebServerApplicationContext.java:142)
	at org.springframework.boot.SpringApplication.refresh(SpringApplication.java:775)
	at org.springframework.boot.SpringApplication.refreshContext(SpringApplication.java:397)
	at org.springframework.boot.SpringApplication.run(SpringApplication.java:316)
	at org.springframework.boot.SpringApplication.run(SpringApplication.java:1260)
	at org.springframework.boot.SpringApplication.run(SpringApplication.java:1248)
	at com.lxjn.hgd.HgdApplication.main(HgdApplication.java:9)
	at java.base/jdk.internal.reflect.NativeMethodAccessorImpl.invoke0(Native Method)
	at java.base/jdk.internal.reflect.NativeMethodAccessorImpl.invoke(NativeMethodAccessorImpl.java:62)
	at java.base/jdk.internal.reflect.DelegatingMethodAccessorImpl.invoke(DelegatingMethodAccessorImpl.java:43)
	at java.base/java.lang.reflect.Method.invoke(Method.java:566)
	at org.springframework.boot.devtools.restart.RestartLauncher.run(RestartLauncher.java:49)
Caused by: org.springframework.beans.factory.NoSuchBeanDefinitionException: No qualifying bean of type 'com.lxjn.hgd.module.model.mapper.ModelApplicationMapper' available: expected at least 1 bean which qualifies as autowire candidate. Dependency annotations: {@org.springframework.beans.factory.annotation.Autowired(required=true)}
	at org.springframework.beans.factory.support.DefaultListableBeanFactory.raiseNoMatchingBeanFound(DefaultListableBeanFactory.java:1655)
	at org.springframework.beans.factory.support.DefaultListableBeanFactory.doResolveDependency(DefaultListableBeanFactory.java:1214)
	at org.springframework.beans.factory.support.DefaultListableBeanFactory.resolveDependency(DefaultListableBeanFactory.java:1168)
	at org.springframework.beans.factory.annotation.AutowiredAnnotationBeanPostProcessor$AutowiredFieldElement.inject(AutowiredAnnotationBeanPostProcessor.java:593)
	... 24 common frames omitted
17:33:22.458 INFO  com.lxjn.hgd.HgdApplication [50] - Starting HgdApplication on longzhuang with PID 20720 (E:\project\hgd\target\classes started by longzhuang in E:\project\hgd)
17:33:22.460 INFO  com.lxjn.hgd.HgdApplication [679] - The following profiles are active: dev
17:33:22.492 INFO  o.s.b.d.e.DevToolsPropertyDefaultsPostProcessor [227] - Devtools property defaults active! Set 'spring.devtools.add-properties' to 'false' to disable
17:33:22.492 INFO  o.s.b.d.e.DevToolsPropertyDefaultsPostProcessor [227] - For additional web related logging consider setting the 'logging.level.web' property to 'DEBUG'
17:33:23.079 WARN  o.m.s.mapper.ClassPathMapperScanner [44] - No MyBatis mapper was found in '[com.lxjn.hgd]' package. Please check your configuration.
17:33:23.446 INFO  o.s.b.w.e.tomcat.TomcatWebServer [90] - Tomcat initialized with port(s): 8080 (http)
17:33:23.457 INFO  o.a.coyote.http11.Http11NioProtocol [173] - Initializing ProtocolHandler ["http-nio-8080"]
17:33:23.465 INFO  o.a.catalina.core.StandardService [173] - Starting service [Tomcat]
17:33:23.465 INFO  o.a.catalina.core.StandardEngine [173] - Starting Servlet engine: [Apache Tomcat/9.0.19]
17:33:23.533 INFO  o.a.c.c.C.[Tomcat].[localhost].[/] [173] - Initializing Spring embedded WebApplicationContext
17:33:23.533 INFO  o.s.web.context.ContextLoader [296] - Root WebApplicationContext: initialization completed in 1041 ms
17:33:23.582 WARN  o.s.b.w.s.c.AnnotationConfigServletWebServerApplicationContext [557] - Exception encountered during context initialization - cancelling refresh attempt: org.springframework.beans.factory.UnsatisfiedDependencyException: Error creating bean with name 'modelApplicationServiceImpl': Unsatisfied dependency expressed through field 'baseMapper'; nested exception is org.springframework.beans.factory.NoSuchBeanDefinitionException: No qualifying bean of type 'com.lxjn.hgd.module.model.mapper.ModelApplicationMapper' available: expected at least 1 bean which qualifies as autowire candidate. Dependency annotations: {@org.springframework.beans.factory.annotation.Autowired(required=true)}
17:33:23.585 INFO  o.a.catalina.core.StandardService [173] - Stopping service [Tomcat]
17:33:23.597 INFO  o.s.b.a.l.ConditionEvaluationReportLoggingListener [142] - 

Error starting ApplicationContext. To display the conditions report re-run your application with 'debug' enabled.
17:33:23.721 ERROR o.s.boot.SpringApplication [858] - Application run failed
org.springframework.beans.factory.UnsatisfiedDependencyException: Error creating bean with name 'modelApplicationServiceImpl': Unsatisfied dependency expressed through field 'baseMapper'; nested exception is org.springframework.beans.factory.NoSuchBeanDefinitionException: No qualifying bean of type 'com.lxjn.hgd.module.model.mapper.ModelApplicationMapper' available: expected at least 1 bean which qualifies as autowire candidate. Dependency annotations: {@org.springframework.beans.factory.annotation.Autowired(required=true)}
	at org.springframework.beans.factory.annotation.AutowiredAnnotationBeanPostProcessor$AutowiredFieldElement.inject(AutowiredAnnotationBeanPostProcessor.java:596)
	at org.springframework.beans.factory.annotation.InjectionMetadata.inject(InjectionMetadata.java:90)
	at org.springframework.beans.factory.annotation.AutowiredAnnotationBeanPostProcessor.postProcessProperties(AutowiredAnnotationBeanPostProcessor.java:374)
	at org.springframework.beans.factory.support.AbstractAutowireCapableBeanFactory.populateBean(AbstractAutowireCapableBeanFactory.java:1411)
	at org.springframework.beans.factory.support.AbstractAutowireCapableBeanFactory.doCreateBean(AbstractAutowireCapableBeanFactory.java:592)
	at org.springframework.beans.factory.support.AbstractAutowireCapableBeanFactory.createBean(AbstractAutowireCapableBeanFactory.java:515)
	at org.springframework.beans.factory.support.AbstractBeanFactory.lambda$doGetBean$0(AbstractBeanFactory.java:320)
	at org.springframework.beans.factory.support.DefaultSingletonBeanRegistry.getSingleton(DefaultSingletonBeanRegistry.java:222)
	at org.springframework.beans.factory.support.AbstractBeanFactory.doGetBean(AbstractBeanFactory.java:318)
	at org.springframework.beans.factory.support.AbstractBeanFactory.getBean(AbstractBeanFactory.java:199)
	at org.springframework.beans.factory.support.DefaultListableBeanFactory.preInstantiateSingletons(DefaultListableBeanFactory.java:843)
	at org.springframework.context.support.AbstractApplicationContext.finishBeanFactoryInitialization(AbstractApplicationContext.java:877)
	at org.springframework.context.support.AbstractApplicationContext.refresh(AbstractApplicationContext.java:549)
	at org.springframework.boot.web.servlet.context.ServletWebServerApplicationContext.refresh(ServletWebServerApplicationContext.java:142)
	at org.springframework.boot.SpringApplication.refresh(SpringApplication.java:775)
	at org.springframework.boot.SpringApplication.refreshContext(SpringApplication.java:397)
	at org.springframework.boot.SpringApplication.run(SpringApplication.java:316)
	at org.springframework.boot.SpringApplication.run(SpringApplication.java:1260)
	at org.springframework.boot.SpringApplication.run(SpringApplication.java:1248)
	at com.lxjn.hgd.HgdApplication.main(HgdApplication.java:9)
	at java.base/jdk.internal.reflect.NativeMethodAccessorImpl.invoke0(Native Method)
	at java.base/jdk.internal.reflect.NativeMethodAccessorImpl.invoke(NativeMethodAccessorImpl.java:62)
	at java.base/jdk.internal.reflect.DelegatingMethodAccessorImpl.invoke(DelegatingMethodAccessorImpl.java:43)
	at java.base/java.lang.reflect.Method.invoke(Method.java:566)
	at org.springframework.boot.devtools.restart.RestartLauncher.run(RestartLauncher.java:49)
Caused by: org.springframework.beans.factory.NoSuchBeanDefinitionException: No qualifying bean of type 'com.lxjn.hgd.module.model.mapper.ModelApplicationMapper' available: expected at least 1 bean which qualifies as autowire candidate. Dependency annotations: {@org.springframework.beans.factory.annotation.Autowired(required=true)}
	at org.springframework.beans.factory.support.DefaultListableBeanFactory.raiseNoMatchingBeanFound(DefaultListableBeanFactory.java:1655)
	at org.springframework.beans.factory.support.DefaultListableBeanFactory.doResolveDependency(DefaultListableBeanFactory.java:1214)
	at org.springframework.beans.factory.support.DefaultListableBeanFactory.resolveDependency(DefaultListableBeanFactory.java:1168)
	at org.springframework.beans.factory.annotation.AutowiredAnnotationBeanPostProcessor$AutowiredFieldElement.inject(AutowiredAnnotationBeanPostProcessor.java:593)
	... 24 common frames omitted
18:44:29.892 INFO  com.lxjn.hgd.HgdApplication [50] - Starting HgdApplication on longzhuang with PID 15908 (E:\project\hgd\target\classes started by longzhuang in E:\project\hgd)
18:44:29.910 INFO  com.lxjn.hgd.HgdApplication [679] - The following profiles are active: dev
18:44:30.039 INFO  o.s.b.d.e.DevToolsPropertyDefaultsPostProcessor [227] - Devtools property defaults active! Set 'spring.devtools.add-properties' to 'false' to disable
18:44:30.039 INFO  o.s.b.d.e.DevToolsPropertyDefaultsPostProcessor [227] - For additional web related logging consider setting the 'logging.level.web' property to 'DEBUG'
18:44:31.939 INFO  o.s.b.w.e.tomcat.TomcatWebServer [90] - Tomcat initialized with port(s): 8080 (http)
18:44:31.961 INFO  o.a.coyote.http11.Http11NioProtocol [173] - Initializing ProtocolHandler ["http-nio-8080"]
18:44:31.980 INFO  o.a.catalina.core.StandardService [173] - Starting service [Tomcat]
18:44:31.980 INFO  o.a.catalina.core.StandardEngine [173] - Starting Servlet engine: [Apache Tomcat/9.0.19]
18:44:32.093 INFO  o.a.c.c.C.[Tomcat].[localhost].[/] [173] - Initializing Spring embedded WebApplicationContext
18:44:32.094 INFO  o.s.web.context.ContextLoader [296] - Root WebApplicationContext: initialization completed in 2055 ms
18:44:33.377 INFO  o.s.s.c.ThreadPoolTaskExecutor [171] - Initializing ExecutorService 'applicationTaskExecutor'
18:44:33.622 INFO  o.s.b.d.a.OptionalLiveReloadServer [57] - LiveReload server is running on port 35729
18:44:33.686 INFO  o.a.coyote.http11.Http11NioProtocol [173] - Starting ProtocolHandler ["http-nio-8080"]
18:44:33.723 INFO  o.s.b.w.e.tomcat.TomcatWebServer [204] - Tomcat started on port(s): 8080 (http) with context path ''
18:44:33.749 INFO  com.lxjn.hgd.HgdApplication [59] - Started HgdApplication in 5.064 seconds (JVM running for 7.484)
18:44:46.553 INFO  o.s.s.c.ThreadPoolTaskExecutor [208] - Shutting down ExecutorService 'applicationTaskExecutor'
