13:37:20.045 INFO  com.lxjn.hgd.HgdApplication [50] - Starting HgdApplication on longzhuang with PID 1764 (E:\project\hgd\target\classes started by longzhuang in E:\project\hgd)
13:37:20.048 INFO  com.lxjn.hgd.HgdApplication [679] - The following profiles are active: dev
13:37:20.430 INFO  o.s.b.d.e.DevToolsPropertyDefaultsPostProcessor [227] - Devtools property defaults active! Set 'spring.devtools.add-properties' to 'false' to disable
13:37:20.430 INFO  o.s.b.d.e.DevToolsPropertyDefaultsPostProcessor [227] - For additional web related logging consider setting the 'logging.level.web' property to 'DEBUG'
13:37:23.669 INFO  o.s.c.s.PostProcessorRegistrationDelegate$BeanPostProcessorChecker [330] - Bean 'org.springframework.transaction.annotation.ProxyTransactionManagementConfiguration' of type [org.springframework.transaction.annotation.ProxyTransactionManagementConfiguration$$EnhancerBySpringCGLIB$$a0f4ed4a] is not eligible for getting processed by all BeanPostProcessors (for example: not eligible for auto-proxying)
13:37:24.599 INFO  o.s.b.w.e.tomcat.TomcatWebServer [90] - Tomcat initialized with port(s): 8080 (http)
13:37:24.671 INFO  o.a.coyote.http11.Http11NioProtocol [173] - Initializing ProtocolHandler ["http-nio-8080"]
13:37:24.732 INFO  o.a.catalina.core.StandardService [173] - Starting service [Tomcat]
13:37:24.734 INFO  o.a.catalina.core.StandardEngine [173] - Starting Servlet engine: [Apache Tomcat/9.0.19]
13:37:25.377 INFO  o.a.c.c.C.[Tomcat].[localhost].[/] [173] - Initializing Spring embedded WebApplicationContext
13:37:25.377 INFO  o.s.web.context.ContextLoader [296] - Root WebApplicationContext: initialization completed in 4947 ms
13:37:25.749 INFO  com.lxjn.hgd.config.UrlFilter [30] - 过滤器初始化...
13:37:28.370 INFO  com.lxjn.hgd.config.WebConfigurer [38] - 正在加载请求拦截器...
13:37:28.529 INFO  s.d.s.w.PropertySourcedRequestMappingHandlerMapping [69] - Mapped URL path [/v2/api-docs] onto method [public org.springframework.http.ResponseEntity<springfox.documentation.spring.web.json.Json> springfox.documentation.swagger2.web.Swagger2Controller.getDocumentation(java.lang.String,javax.servlet.http.HttpServletRequest)]
13:37:28.554 INFO  com.lxjn.hgd.config.WebConfigurer [56] - 加载静态资源拦截器...
13:37:28.741 INFO  o.s.b.d.a.OptionalLiveReloadServer [57] - LiveReload server is running on port 35729
13:37:29.104 INFO  s.d.s.w.p.DocumentationPluginsBootstrapper [160] - Context refreshed
13:37:29.217 INFO  s.d.s.w.p.DocumentationPluginsBootstrapper [163] - Found 1 custom documentation plugin(s)
13:37:29.278 INFO  s.d.s.w.s.ApiListingReferenceScanner [41] - Scanning for api listing references
13:37:29.595 INFO  o.a.coyote.http11.Http11NioProtocol [173] - Starting ProtocolHandler ["http-nio-8080"]
13:37:29.616 INFO  o.s.b.w.e.tomcat.TomcatWebServer [204] - Tomcat started on port(s): 8080 (http) with context path ''
13:37:29.618 INFO  com.lxjn.hgd.HgdApplication [59] - Started HgdApplication in 11.833 seconds (JVM running for 18.756)
13:38:10.619 INFO  o.a.c.c.C.[Tomcat].[localhost].[/] [173] - Initializing Spring DispatcherServlet 'dispatcherServlet'
13:38:10.619 INFO  o.s.web.servlet.DispatcherServlet [524] - Initializing Servlet 'dispatcherServlet'
13:38:10.626 INFO  o.s.web.servlet.DispatcherServlet [546] - Completed initialization in 7 ms
13:38:34.404 INFO  com.lxjn.hgd.config.UrlFilter [35] - 过滤器业务执行中...
13:38:34.441 WARN  o.s.w.s.m.s.DefaultHandlerExceptionResolver [198] - Resolved [org.springframework.web.HttpRequestMethodNotSupportedException: Request method 'POST' not supported]
13:38:34.449 INFO  c.lxjn.hgd.config.GlobalInterceptor [29] - 请求预处理...
13:38:38.085 INFO  c.lxjn.hgd.config.GlobalInterceptor [45] - 请求后处理...
13:38:38.712 INFO  c.lxjn.hgd.config.GlobalInterceptor [58] - 请求结果返回后处理...
